# JRE version: Java(TM) SE Runtime Environment (8.0_321-b07) (build 1.8.0_321-b07)
# Java VM: Java HotSpot(TM) 64-Bit Server VM (25.321-b07 mixed mode windows-amd64 compressed oops)
Heap:
 PSYoungGen      total 110592K, used 85656K [0x00000000eb400000, 0x00000000f2c80000, 0x0000000100000000)
  eden space 98816K, 81% used [0x00000000eb400000,0x00000000f0278f20,0x00000000f1480000)
  from space 11776K, 45% used [0x00000000f2080000,0x00000000f25ad1c8,0x00000000f2c00000)
  to   space 12288K, 0% used [0x00000000f1480000,0x00000000f1480000,0x00000000f2080000)
 ParOldGen       total 304640K, used 232913K [0x00000000c1c00000, 0x00000000d4580000, 0x00000000eb400000)
  object space 304640K, 76% used [0x00000000c1c00000,0x00000000cff74478,0x00000000d4580000)
 Metaspace       used 10142K, capacity 10330K, committed 10496K, reserved 1058816K
  class space    used 1164K, capacity 1225K, committed 1280K, reserved 1048576K
GC Heap History (10 events):
Event: 7.441 GC heap before
{Heap before GC invocations=18 (full 4):
 PSYoungGen      total 93696K, used 86809K [0x00000000eb400000, 0x00000000f2c00000, 0x0000000100000000)
  eden space 81408K, 100% used [0x00000000eb400000,0x00000000f0380000,0x00000000f0380000)
  from space 12288K, 43% used [0x00000000f0380000,0x00000000f08c6560,0x00000000f0f80000)
  to   space 11776K, 0% used [0x00000000f2080000,0x00000000f2080000,0x00000000f2c00000)
 ParOldGen       total 304640K, used 232881K [0x00000000c1c00000, 0x00000000d4580000, 0x00000000eb400000)
  object space 304640K, 76% used [0x00000000c1c00000,0x00000000cff6c478,0x00000000d4580000)
 Metaspace       used 10041K, capacity 10258K, committed 10496K, reserved 1058816K
  class space    used 1164K, capacity 1225K, committed 1280K, reserved 1048576K
Event: 7.454 GC heap after
Heap after GC invocations=18 (full 4):
 PSYoungGen      total 110592K, used 9083K [0x00000000eb400000, 0x00000000f2c80000, 0x0000000100000000)
  eden space 98816K, 0% used [0x00000000eb400000,0x00000000eb400000,0x00000000f1480000)
  from space 11776K, 77% used [0x00000000f2080000,0x00000000f295ec80,0x00000000f2c00000)
  to   space 12288K, 0% used [0x00000000f1480000,0x00000000f1480000,0x00000000f2080000)
 ParOldGen       total 304640K, used 232881K [0x00000000c1c00000, 0x00000000d4580000, 0x00000000eb400000)
  object space 304640K, 76% used [0x00000000c1c00000,0x00000000cff6c478,0x00000000d4580000)
 Metaspace       used 10041K, capacity 10258K, committed 10496K, reserved 1058816K
  class space    used 1164K, capacity 1225K, committed 1280K, reserved 1048576K
}
Event: 8.124 GC heap before
{Heap before GC invocations=19 (full 4):
 PSYoungGen      total 110592K, used 107899K [0x00000000eb400000, 0x00000000f2c80000, 0x0000000100000000)
  eden space 98816K, 100% used [0x00000000eb400000,0x00000000f1480000,0x00000000f1480000)
  from space 11776K, 77% used [0x00000000f2080000,0x00000000f295ec80,0x00000000f2c00000)
  to   space 12288K, 0% used [0x00000000f1480000,0x00000000f1480000,0x00000000f2080000)
 ParOldGen       total 304640K, used 232881K [0x00000000c1c00000, 0x00000000d4580000, 0x00000000eb400000)
  object space 304640K, 76% used [0x00000000c1c00000,0x00000000cff6c478,0x00000000d4580000)
 Metaspace       used 10071K, capacity 10258K, committed 10496K, reserved 1058816K
  class space    used 1164K, capacity 1225K, committed 1280K, reserved 1048576K
Event: 8.141 GC heap after
Heap after GC invocations=19 (full 4):
 PSYoungGen      total 111104K, used 5720K [0x00000000eb400000, 0x00000000f2c80000, 0x0000000100000000)
  eden space 98816K, 0% used [0x00000000eb400000,0x00000000eb400000,0x00000000f1480000)
  from space 12288K, 46% used [0x00000000f1480000,0x00000000f1a16360,0x00000000f2080000)
  to   space 11776K, 0% used [0x00000000f2080000,0x00000000f2080000,0x00000000f2c00000)
 ParOldGen       total 304640K, used 232889K [0x00000000c1c00000, 0x00000000d4580000, 0x00000000eb400000)
  object space 304640K, 76% used [0x00000000c1c00000,0x00000000cff6e478,0x00000000d4580000)
 Metaspace       used 10071K, capacity 10258K, committed 10496K, reserved 1058816K
  class space    used 1164K, capacity 1225K, committed 1280K, reserved 1048576K
}
Event: 8.804 GC heap before
{Heap before GC invocations=20 (full 4):
 PSYoungGen      total 111104K, used 104536K [0x00000000eb400000, 0x00000000f2c80000, 0x0000000100000000)
  eden space 98816K, 100% used [0x00000000eb400000,0x00000000f1480000,0x00000000f1480000)
  from space 12288K, 46% used [0x00000000f1480000,0x00000000f1a16360,0x00000000f2080000)
  to   space 11776K, 0% used [0x00000000f2080000,0x00000000f2080000,0x00000000f2c00000)
 ParOldGen       total 304640K, used 232889K [0x00000000c1c00000, 0x00000000d4580000, 0x00000000eb400000)
  object space 304640K, 76% used [0x00000000c1c00000,0x00000000cff6e478,0x00000000d4580000)
 Metaspace       used 10100K, capacity 10330K, committed 10496K, reserved 1058816K
  class space    used 1164K, capacity 1225K, committed 1280K, reserved 1048576K
Event: 8.816 GC heap after
Heap after GC invocations=20 (full 4):
 PSYoungGen      total 110592K, used 5378K [0x00000000eb400000, 0x00000000f2c80000, 0x0000000100000000)
  eden space 98816K, 0% used [0x00000000eb400000,0x00000000eb400000,0x00000000f1480000)
  from space 11776K, 45% used [0x00000000f2080000,0x00000000f25c0b60,0x00000000f2c00000)
  to   space 12288K, 0% used [0x00000000f1480000,0x00000000f1480000,0x00000000f2080000)
 ParOldGen       total 304640K, used 232897K [0x00000000c1c00000, 0x00000000d4580000, 0x00000000eb400000)
  object space 304640K, 76% used [0x00000000c1c00000,0x00000000cff70478,0x00000000d4580000)
 Metaspace       used 10100K, capacity 10330K, committed 10496K, reserved 1058816K
  class space    used 1164K, capacity 1225K, committed 1280K, reserved 1048576K
}
Event: 9.441 GC heap before
{Heap before GC invocations=21 (full 4):
 PSYoungGen      total 110592K, used 104194K [0x00000000eb400000, 0x00000000f2c80000, 0x0000000100000000)
  eden space 98816K, 100% used [0x00000000eb400000,0x00000000f1480000,0x00000000f1480000)
  from space 11776K, 45% used [0x00000000f2080000,0x00000000f25c0b60,0x00000000f2c00000)
  to   space 12288K, 0% used [0x00000000f1480000,0x00000000f1480000,0x00000000f2080000)
 ParOldGen       total 304640K, used 232897K [0x00000000c1c00000, 0x00000000d4580000, 0x00000000eb400000)
  object space 304640K, 76% used [0x00000000c1c00000,0x00000000cff70478,0x00000000d4580000)
 Metaspace       used 10138K, capacity 10330K, committed 10496K, reserved 1058816K
  class space    used 1164K, capacity 1225K, committed 1280K, reserved 1048576K
Event: 9.452 GC heap after
Heap after GC invocations=21 (full 4):
 PSYoungGen      total 111104K, used 5332K [0x00000000eb400000, 0x00000000f2c80000, 0x0000000100000000)
  eden space 98816K, 0% used [0x00000000eb400000,0x00000000eb400000,0x00000000f1480000)
  from space 12288K, 43% used [0x00000000f1480000,0x00000000f19b51c8,0x00000000f2080000)
  to   space 11776K, 0% used [0x00000000f2080000,0x00000000f2080000,0x00000000f2c00000)
 ParOldGen       total 304640K, used 232905K [0x00000000c1c00000, 0x00000000d4580000, 0x00000000eb400000)
  object space 304640K, 76% used [0x00000000c1c00000,0x00000000cff72478,0x00000000d4580000)
 Metaspace       used 10138K, capacity 10330K, committed 10496K, reserved 1058816K
  class space    used 1164K, capacity 1225K, committed 1280K, reserved 1048576K
}
Event: 10.078 GC heap before
{Heap before GC invocations=22 (full 4):
 PSYoungGen      total 111104K, used 104148K [0x00000000eb400000, 0x00000000f2c80000, 0x0000000100000000)
  eden space 98816K, 100% used [0x00000000eb400000,0x00000000f1480000,0x00000000f1480000)
  from space 12288K, 43% used [0x00000000f1480000,0x00000000f19b51c8,0x00000000f2080000)
  to   space 11776K, 0% used [0x00000000f2080000,0x00000000f2080000,0x00000000f2c00000)
 ParOldGen       total 304640K, used 232905K [0x00000000c1c00000, 0x00000000d4580000, 0x00000000eb400000)
  object space 304640K, 76% used [0x00000000c1c00000,0x00000000cff72478,0x00000000d4580000)
 Metaspace       used 10139K, capacity 10330K, committed 10496K, reserved 1058816K
  class space    used 1164K, capacity 1225K, committed 1280K, reserved 1048576K
Event: 10.089 GC heap after
Heap after GC invocations=22 (full 4):
 PSYoungGen      total 110592K, used 5300K [0x00000000eb400000, 0x00000000f2c80000, 0x0000000100000000)
  eden space 98816K, 0% used [0x00000000eb400000,0x00000000eb400000,0x00000000f1480000)
  from space 11776K, 45% used [0x00000000f2080000,0x00000000f25ad1c8,0x00000000f2c00000)
  to   space 12288K, 0% used [0x00000000f1480000,0x00000000f1480000,0x00000000f2080000)
 ParOldGen       total 304640K, used 232913K [0x00000000c1c00000, 0x00000000d4580000, 0x00000000eb400000)
  object space 304640K, 76% used [0x00000000c1c00000,0x00000000cff74478,0x00000000d4580000)
 Metaspace       used 10139K, capacity 10330K, committed 10496K, reserved 1058816K
  class space    used 1164K, capacity 1225K, committed 1280K, reserved 1048576K
}

